<?xml version="1.0" encoding="UTF-8"?>
<!-- Generated by org.testng.reporters.JUnitReportReporter -->
<testsuite hostname="LAPTOP-OV1336I4" failures="0" tests="1" name="javaStreams.JavaStreams" time="0.017" errors="0" timestamp="2023-04-04T14:57:35 CDT" skipped="0">
  <testcase classname="javaStreams.JavaStreams" name="challenge" time="0.017"/>
  <system-out/>
</testsuite> <!-- javaStreams.JavaStreams -->
